<component name="libraryTable">
  <library name="junit-3.8.1">
    <CLASSES>
      <root url="jar://$PROJECT_DIR$/src/com/company/superme198/lib/junit-3.8.1.jar!/" />
    </CLASSES>
    <JAVADOC />
    <SOURCES />
  </library>
</component>